Loading corpus and graph...
  500 papers in reading list
  7925 nodes in graph

Analyzing review citations...

Analyzing FlyWire: Online community for whole-brain connectomics (10.1038/s41586-024-07558-y)...
  No cached citations found.
  To fetch from OpenAlex, run: python 13_review_citations.py --refresh

Analyzing A connectome and analysis of the adult Drosophila central brain (10.7554/eLife.57443)...
  No cached citations found.
  To fetch from OpenAlex, run: python 13_review_citations.py --refresh

Analyzing A Complete Electron Microscopy Volume of the Brain of a Larval Fruit Fly (10.1016/j.cell.2018.06.019)...
  No cached citations found.
  To fetch from OpenAlex, run: python 13_review_citations.py --refresh

Analyzing Wiring specificity in the direction-selectivity circuit of the retina (10.1038/nn.2868)...
  No cached citations found.
  To fetch from OpenAlex, run: python 13_review_citations.py --refresh

Analyzing Saturated Reconstruction of a Volume of Neocortex (10.1038/nature12346)...
  No cached citations found.
  To fetch from OpenAlex, run: python 13_review_citations.py --refresh

Analyzing Network anatomy and in vivo physiology of visual cortical neurons (10.1038/nature10011)...
  No cached citations found.
  To fetch from OpenAlex, run: python 13_review_citations.py --refresh

Identifying candidates for inclusion...

=== Review Citation Analysis ===

FlyWire: Online community for whole-brain connectomics (2024)
  Total cited: 0
  In corpus: 0
  EM connectomics: 0
  Off-topic: 0

A connectome and analysis of the adult Drosophila central brain (2020)
  Total cited: 0
  In corpus: 0
  EM connectomics: 0
  Off-topic: 0

A Complete Electron Microscopy Volume of the Brain of a Larval Fruit Fly (2018)
  Total cited: 0
  In corpus: 0
  EM connectomics: 0
  Off-topic: 0

Wiring specificity in the direction-selectivity circuit of the retina (2011)
  Total cited: 0
  In corpus: 0
  EM connectomics: 0
  Off-topic: 0

Saturated Reconstruction of a Volume of Neocortex (2015)
  Total cited: 0
  In corpus: 0
  EM connectomics: 0
  Off-topic: 0

Network anatomy and in vivo physiology of visual cortical neurons (2011)
  Total cited: 0
  In corpus: 0
  EM connectomics: 0
  Off-topic: 0

=== Candidates for Inclusion ===
Promote to top-200: 0

Add to corpus: 0

Flag for review: 0

Saved → output/review_citations.json
Saved → output/review_cited_candidates.json
