[05:18:27] Installing dependencies...
WARNING: Running pip as the 'root' user can result in broken permissions and conflicting behaviour with the system package manager. It is recommended to use a virtual environment instead: https://pip.pypa.io/warnings/venv
[05:18:41] Step 1/5: Harvesting papers from OpenAlex...

=== Corpus A: Auto-Seed + Citation Expansion ===
  Auto-seed query: concept 'C2776102887' (top 20)
  Auto-seed query: title 'connectome synapse OR nanoscale OR reconstruction' (top 20)
  Auto-seed query: title 'connectomics' (top 20)
  Auto-seed query: title 'serial block-face OR SBF-SEM OR SBEM' (top 10)
  Auto-seed query: title 'FIB-SEM OR focused ion beam brain' (top 10)
  Auto-seed query: title 'serial section TEM OR electron microscopy neuron' (top 10)
  Auto-seed query: title 'volume electron microscopy reconstruction' (top 10)
  Auto-seed query: title 'multi-beam SEM OR multibeam brain' (top 5)
  Auto-seed query: title 'ATUM OR GridTape OR automated tape-collecting' (top 5)
  Auto-seed query: title 'MAPseq OR BARseq OR barcoding connectivity brain' (top 10)
  Auto-seed query: title 'expansion microscopy synapse OR connectom' (top 5)
  Auto-seed query: title 'X-ray nanotomography OR nano-CT OR micro-CT neuron' (top 5)
  Auto-seed query: title 'array tomography synapse OR neuron' (top 5)
  Auto-seed query: title 'synapse detection OR neuron segmentation' (top 10)
  Auto-seed query: title 'flood-filling network OR dense reconstruction neural' (top 10)
  Auto-seed query: title 'connectome graph theory OR network analysis' (top 10)
  Auto-seed: 127 papers
  Filtered 8 macro-connectomics papers (dMRI/fMRI)

  Hop 1: expanding from 119 papers...
    Processing 0/119...
    Processing 50/119...
    Processing 100/119...
    2951 candidates meet threshold...
    Hop 1: 119 → 3052 (+2933, gain=2464.71%)

  Hop 2: expanding from 3052 papers...
    18 candidates meet threshold...
    Hop 2: 3052 → 3052 (+0, gain=0.00%)
    Marginal gain below threshold, stopping expansion.
  Filtered 460 macro-connectomics papers (dMRI/fMRI)
  Saved 2592 papers to /home/user/neurotrailblazers/scripts/bibliometrics/output/corpus_a.json

=== Corpus B: Keyword Search ===
  Searching: "connectome" OR "connectomics"
  Searching: "neural circuit" "dense reconstruction"
  Searching: "connectome" "graph theory" OR "network analysis"
  Searching: "serial section electron microscopy" neuron
  Searching: "volume electron microscopy" reconstruction
  Searching: "serial block-face SEM" OR "FIB-SEM" brain
  Searching: "multi-beam SEM" OR "multibeam SEM" neuron
  Searching: "ATUM" OR "GridTape" electron microscopy
  Searching: "MAPseq" OR "BARseq" connectivity
  Searching: "expansion microscopy" synapse
  Searching: "array tomography" synapse OR neuron
  Searching: "X-ray nanotomography" OR "nano-CT" neuron
  Searching: "synapse detection" "electron microscopy"
  Searching: "flood filling network" OR "neuronal segmentation"
  Searching: "FlyWire" OR "hemibrain" OR "MICrONS" OR "H01"
  Corpus B (pre-filter): 2122 papers
  Filtered 45 macro-connectomics papers (dMRI/fMRI)
  Corpus B (post-filter): 2077 papers
  Saved 2077 papers to /home/user/neurotrailblazers/scripts/bibliometrics/output/corpus_b.json

=== Corpus C: Dataset-Anchored ===
  Dataset: 10.1038/s41586-024-07558-y
    446 citing papers
  Dataset: 10.7554/eLife.57443
    Not found in OpenAlex, skipping
  Dataset: 10.1016/j.cell.2018.06.019
    500 citing papers
  Dataset: 10.1126/science.add9330
    422 citing papers
  Dataset: 10.1101/2023.03.29.534851
    0 citing papers
  Dataset: 10.1126/science.adk4858
    288 citing papers
  Dataset: 10.1038/nature12346
    500 citing papers
  Dataset: 10.1038/nature10011
    500 citing papers
  Dataset: 10.1038/nn.2868
    287 citing papers
  Dataset: 10.1038/s41586-021-03778-8
    429 citing papers
  Dataset: 10.1016/j.cell.2019.05.026
    500 citing papers
  Dataset: 10.1101/2024.04.16.589741
    36 citing papers
  Dataset: 10.1093/bioinformatics/btp266
    435 citing papers
  Dataset: 10.1038/nmeth.4331
    201 citing papers
  Dataset: 10.1038/s41592-024-02426-z
    32 citing papers
  Dataset: 10.1101/2020.01.16.909465
    78 citing papers
  Dataset: 10.3389/fninf.2022.828787
    43 citing papers
  Dataset: 10.1038/s41592-018-0049-4
    388 citing papers
  Corpus C (pre-filter): 4118 papers
  Filtered 18 macro-connectomics papers (dMRI/fMRI)
  Corpus C (post-filter): 4100 papers
  Saved 4100 papers to /home/user/neurotrailblazers/scripts/bibliometrics/output/corpus_c.json

=== Merged Corpus ===
  Total: 7925
  A only: 1998, B only: 1580, C only: 3621
  In all three: 118
  Saved 7925 papers to /home/user/neurotrailblazers/scripts/bibliometrics/output/corpus_merged.json
[05:26:13]   → output/corpus_merged.json
[05:26:13] Step 2/5: Building citation, co-citation, coupling, co-authorship graphs...
Loading corpus...
  7925 papers

Building citation graph...
  Citation graph: 7925 nodes, 94223 edges
  Saved to /home/user/neurotrailblazers/scripts/bibliometrics/output/graphs/citation_graph.json

Building co-citation graph...
  Co-citation graph: 3989 nodes, 189490 edges
  Saved to /home/user/neurotrailblazers/scripts/bibliometrics/output/graphs/cocitation_graph.json

Building bibliographic coupling graph...
  WARNING: >3000 papers, coupling graph may be slow. Consider sampling.
  Coupling graph: 7676 nodes, 1495957 edges
  Saved to /home/user/neurotrailblazers/scripts/bibliometrics/output/graphs/coupling_graph.json

Building co-authorship graph...
  Co-authorship graph: 35947 nodes, 514301 edges
  Saved to /home/user/neurotrailblazers/scripts/bibliometrics/output/graphs/coauthorship_graph.json

Done.
[05:27:26]   → output/graphs/*.json
[05:27:26] Step 3/5: Computing PageRank, HITS, betweenness, community detection...
Loading data...

Corpus: 7925 papers
Citation graph: 7925 nodes
Co-authorship graph: 35947 nodes

--- Citation Baseline ---
  Saved to /home/user/neurotrailblazers/scripts/bibliometrics/output/citation_baseline.json
  Top 5 by citations:
    [106483] Controlling the False Discovery Rate: A Practical and Powerful Approac...
    [93570] Basic local alignment search tool...
    [86387] U-Net: Convolutional Networks for Biomedical Image Segmentation...
    [86234] “Mini-mental state”...
    [79164] Deep learning...

--- Paper Graph Metrics ---
  Computing PageRank...
  Computing HITS...
  Computing betweenness (may be slow for large graphs)...
  Computing recent PageRank (2020+ subgraph)...

--- Author Metrics ---
  Computing co-authorship centrality...

--- Community Detection ---
  Running Louvain community detection...
  Found 30 communities (>= 3 members)
  Saved to /home/user/neurotrailblazers/scripts/bibliometrics/output/communities.json

--- Paper Rankings ---
  Saved to /home/user/neurotrailblazers/scripts/bibliometrics/output/paper_rankings.json
  Top 5 by composite score:
    [0.798] A connectome and analysis of the adult Drosophila central brain...
    [0.504] A genetic, genomic, and computational resource for exploring neural ci...
    [0.418] Connectomes across development reveal principles of brain maturation...
    [0.404] Neuronal wiring diagram of an adult brain...
    [0.402] Collective dynamics of ‘small-world’ networks...

--- Author Rankings ---
  Saved to /home/user/neurotrailblazers/scripts/bibliometrics/output/author_rankings.json
  Top 5 authors:
    [0.590] Jeff W. Lichtman (99 papers)
    [0.590] H. Sebastian Seung (72 papers)
    [0.467] Albert Cardona (84 papers)
    [0.464] Gregory S.X.E. Jefferis (72 papers)
    [0.444] David C. Van Essen (53 papers)

--- Corpus Stats ---
  Saved to /home/user/neurotrailblazers/scripts/bibliometrics/output/corpus_stats.json

Done.
[05:31:25]   → output/paper_rankings.json, author_rankings.json, communities.json
[05:31:25] Step 4/5: Validating against expert-curated list...
Loading data...
  Expert papers: 132
  Journal papers: 261
  Experts: 29
  Data-driven corpus: 7925

--- Triangulation ---
  jaccard_corpus_a_vs_corpus_b: 0.0852
  jaccard_corpus_a_vs_corpus_c: 0.0551
  jaccard_corpus_b_vs_corpus_c: 0.0425

--- Expert Paper Validation ---
  Recall: 81.3%
  Missed: 62
  Novel: 7597

--- Expert Author Check ---
  Found: 29/29

--- Technique Family Coverage ---
  Adequate: 7/7

  Saved to /home/user/neurotrailblazers/scripts/bibliometrics/output/validation_report.json
  Saved to /home/user/neurotrailblazers/scripts/bibliometrics/output/validation_report.md

Done.
[05:31:26]   → output/validation_report.md
[05:31:26] Step 5/5: Generating interactive field map...
Loading data...
Pruning graphs to top 300 nodes...
Generating HTML...
Saved to /home/user/neurotrailblazers/scripts/bibliometrics/output/field_map.html
Done. Open field_map.html in a browser to view.
[05:31:26]   → output/field_map.html
[05:31:26] Done. Open output/field_map.html in a browser to explore the field map.
